time="2020-10-12T08:08:09-04:00" level=debug msg="OpenShift Installer unreleased-master-3176-g2fbe3289c0c9a96f27fc07705de10753388690f8-dirty"
time="2020-10-12T08:08:09-04:00" level=debug msg="Built from commit 2fbe3289c0c9a96f27fc07705de10753388690f8"
time="2020-10-12T08:08:09-04:00" level=debug msg="Fetching Install Config..."
time="2020-10-12T08:08:09-04:00" level=debug msg="Loading Install Config..."
time="2020-10-12T08:08:09-04:00" level=debug msg="  Loading SSH Key..."
time="2020-10-12T08:08:09-04:00" level=debug msg="  Loading Base Domain..."
time="2020-10-12T08:08:09-04:00" level=debug msg="    Loading Platform..."
time="2020-10-12T08:08:09-04:00" level=debug msg="  Loading Cluster Name..."
time="2020-10-12T08:08:09-04:00" level=debug msg="    Loading Base Domain..."
time="2020-10-12T08:08:09-04:00" level=debug msg="    Loading Platform..."
time="2020-10-12T08:08:09-04:00" level=debug msg="  Loading Pull Secret..."
time="2020-10-12T08:08:09-04:00" level=debug msg="  Loading Platform..."
time="2020-10-12T08:08:09-04:00" level=debug msg="  Fetching SSH Key..."
time="2020-10-12T08:08:09-04:00" level=debug msg="  Generating SSH Key..."
time="2020-10-12T08:08:28-04:00" level=debug msg="  Fetching Base Domain..."
time="2020-10-12T08:08:28-04:00" level=debug msg="    Fetching Platform..."
time="2020-10-12T08:08:28-04:00" level=debug msg="    Generating Platform..."
time="2020-10-12T08:08:43-04:00" level=debug msg="  Generating Base Domain..."
time="2020-10-12T08:18:18-04:00" level=debug msg="  Fetching Cluster Name..."
time="2020-10-12T08:18:18-04:00" level=debug msg="    Fetching Base Domain..."
time="2020-10-12T08:18:18-04:00" level=debug msg="    Reusing previously-fetched Base Domain"
time="2020-10-12T08:18:18-04:00" level=debug msg="    Fetching Platform..."
time="2020-10-12T08:18:18-04:00" level=debug msg="    Reusing previously-fetched Platform"
time="2020-10-12T08:18:18-04:00" level=debug msg="  Generating Cluster Name..."
time="2020-10-12T08:18:23-04:00" level=debug msg="  Fetching Pull Secret..."
time="2020-10-12T08:18:23-04:00" level=debug msg="  Generating Pull Secret..."
time="2020-10-12T08:19:04-04:00" level=debug msg="  Fetching Platform..."
time="2020-10-12T08:19:04-04:00" level=debug msg="  Reusing previously-fetched Platform"
time="2020-10-12T08:19:04-04:00" level=debug msg="Generating Install Config..."
